[2m2025-07-01T19:30:04.836597115+02:00[0m [33m WARN[0m [2m/root/.cargo/registry/src/index.crates.io-1949cf8c6b5b557f/sqlx-postgres-0.8.6/src/options/parse.rs[0m[2m:[0m[2m107:[0m ignoring unrecognized connect parameter [3mkey[0m[2m=[0mssl [3mvalue[0m[2m=[0mtrue
[2m2025-07-01T19:30:06.063864918+02:00[0m [32m INFO[0m [2mbackend/src/database.rs[0m[2m:[0m[2m56:[0m [96mdatabase[0m connected [90m(postgres@[90m16.9-1.pgdg120+1[0m[90m, 1227ms)[0m
[2m2025-07-01T19:30:06.064372965+02:00[0m [32m INFO[0m [2mbackend/src/cache.rs[0m[2m:[0m[2m61:[0m [93mcache[0m connected [90m(redis@7.0.15, 0ms)[0m
[2m2025-07-01T19:30:06.065058360+02:00[0m [32m INFO[0m [2mbackend/src/main.rs[0m[2m:[0m[2m236:[0m [91mhttp server[0m listening on [36m0.0.0.0[0m [90m(app@1.0.0, 0ms)[0m
[2m2025-07-01T20:27:17.066821426+02:00[0m [33m WARN[0m [2m/root/.cargo/registry/src/index.crates.io-1949cf8c6b5b557f/sqlx-postgres-0.8.6/src/options/parse.rs[0m[2m:[0m[2m107:[0m ignoring unrecognized connect parameter [3mkey[0m[2m=[0mssl [3mvalue[0m[2m=[0mtrue
[2m2025-07-01T20:27:18.664991054+02:00[0m [32m INFO[0m [2mbackend/src/database.rs[0m[2m:[0m[2m56:[0m [96mdatabase[0m connected [90m(postgres@[90m16.9-1.pgdg120+1[0m[90m, 1598ms)[0m
[2m2025-07-01T20:27:18.665604270+02:00[0m [32m INFO[0m [2mbackend/src/cache.rs[0m[2m:[0m[2m61:[0m [93mcache[0m connected [90m(redis@7.0.15, 0ms)[0m
[2m2025-07-01T20:27:18.666348855+02:00[0m [32m INFO[0m [2mbackend/src/main.rs[0m[2m:[0m[2m242:[0m [91mhttp server[0m listening on [36m0.0.0.0[0m [90m(app@1.0.0, 0ms)[0m
[2m2025-07-01T20:27:25.291710653+02:00[0m [32m INFO[0m [2mbackend/src/main.rs[0m[2m:[0m[2m82:[0m http get [36m/api/client/account[0m[96m[0m
[2m2025-07-01T20:27:26.387574644+02:00[0m [32m INFO[0m [2mbackend/src/main.rs[0m[2m:[0m[2m82:[0m http get [36m/api[0m[96m[0m
[2m2025-07-01T20:27:26.834689329+02:00[0m [32m INFO[0m [2mbackend/src/main.rs[0m[2m:[0m[2m82:[0m http get [36m/favicon.ico[0m[96m[0m
[2m2025-07-01T20:27:26.834858358+02:00[0m [31mERROR[0m [2mbackend/src/main.rs[0m[2m:[0m[2m63:[0m a request panic has occurred
[2m2025-07-01T20:27:27.596469414+02:00[0m [32m INFO[0m [2mbackend/src/main.rs[0m[2m:[0m[2m82:[0m http get [36m/favicon.ico[0m[96m[0m
[2m2025-07-01T20:27:27.596575433+02:00[0m [31mERROR[0m [2mbackend/src/main.rs[0m[2m:[0m[2m63:[0m a request panic has occurred
[2m2025-07-01T20:27:35.195537941+02:00[0m [32m INFO[0m [2mbackend/src/main.rs[0m[2m:[0m[2m82:[0m http put [36m/api/client/account/email[0m[96m[0m
[2m2025-07-01T20:27:35.301654013+02:00[0m [33m WARN[0m [2mbackend/src/models/user.rs[0m[2m:[0m[2m342:[0m failed to log user activity: Database(
    PgDatabaseError {
        severity: Error,
        code: "42601",
        message: "syntax error at or near \"{\"",
        detail: None,
        hint: None,
        position: Some(
            Original(
                159,
            ),
        ),
        where: None,
        schema: None,
        table: None,
        column: None,
        data_type: None,
        constraint: None,
        file: Some(
            "scan.l",
        ),
        line: Some(
            1244,
        ),
        routine: Some(
            "scanner_yyerror",
        ),
    },
) [3muser[0m[2m=[0m3
[2m2025-07-01T20:28:02.926471023+02:00[0m [33m WARN[0m [2m/root/.cargo/registry/src/index.crates.io-1949cf8c6b5b557f/sqlx-postgres-0.8.6/src/options/parse.rs[0m[2m:[0m[2m107:[0m ignoring unrecognized connect parameter [3mkey[0m[2m=[0mssl [3mvalue[0m[2m=[0mtrue
[2m2025-07-01T20:28:04.434262670+02:00[0m [32m INFO[0m [2mbackend/src/database.rs[0m[2m:[0m[2m56:[0m [96mdatabase[0m connected [90m(postgres@[90m16.9-1.pgdg120+1[0m[90m, 1507ms)[0m
[2m2025-07-01T20:28:04.434906786+02:00[0m [32m INFO[0m [2mbackend/src/cache.rs[0m[2m:[0m[2m61:[0m [93mcache[0m connected [90m(redis@7.0.15, 0ms)[0m
[2m2025-07-01T20:28:04.435658122+02:00[0m [32m INFO[0m [2mbackend/src/main.rs[0m[2m:[0m[2m242:[0m [91mhttp server[0m listening on [36m0.0.0.0[0m [90m(app@1.0.0, 0ms)[0m
[2m2025-07-01T20:28:05.437299676+02:00[0m [32m INFO[0m [2mbackend/src/main.rs[0m[2m:[0m[2m82:[0m http put [36m/api/client/account/email[0m[96m[0m
[2m2025-07-01T20:35:48.869398438+02:00[0m [33m WARN[0m [2m/root/.cargo/registry/src/index.crates.io-1949cf8c6b5b557f/sqlx-postgres-0.8.6/src/options/parse.rs[0m[2m:[0m[2m107:[0m ignoring unrecognized connect parameter [3mkey[0m[2m=[0mssl [3mvalue[0m[2m=[0mtrue
[2m2025-07-01T20:35:50.159138995+02:00[0m [32m INFO[0m [2mbackend/src/database.rs[0m[2m:[0m[2m56:[0m [96mdatabase[0m connected [90m(postgres@[90m16.9-1.pgdg120+1[0m[90m, 1289ms)[0m
[2m2025-07-01T20:35:50.159667771+02:00[0m [32m INFO[0m [2mbackend/src/cache.rs[0m[2m:[0m[2m61:[0m [93mcache[0m connected [90m(redis@7.0.15, 0ms)[0m
[2m2025-07-01T20:35:50.160516436+02:00[0m [32m INFO[0m [2mbackend/src/main.rs[0m[2m:[0m[2m242:[0m [91mhttp server[0m listening on [36m0.0.0.0[0m [90m(app@1.0.0, 0ms)[0m
[2m2025-07-01T20:35:50.711241991+02:00[0m [32m INFO[0m [2mbackend/src/main.rs[0m[2m:[0m[2m82:[0m http get [36m/api[0m[96m[0m
[2m2025-07-01T20:35:50.988378836+02:00[0m [32m INFO[0m [2mbackend/src/main.rs[0m[2m:[0m[2m82:[0m http get [36m/favicon.ico[0m[96m[0m
[2m2025-07-01T20:35:50.988549755+02:00[0m [31mERROR[0m [2mbackend/src/main.rs[0m[2m:[0m[2m63:[0m a request panic has occurred
[2m2025-07-01T20:35:51.890143249+02:00[0m [32m INFO[0m [2mbackend/src/main.rs[0m[2m:[0m[2m82:[0m http get [36m/favicon.ico[0m[96m[0m
[2m2025-07-01T20:35:51.890254028+02:00[0m [31mERROR[0m [2mbackend/src/main.rs[0m[2m:[0m[2m63:[0m a request panic has occurred
[2m2025-07-01T20:35:54.138607367+02:00[0m [32m INFO[0m [2mbackend/src/main.rs[0m[2m:[0m[2m82:[0m http get [36m/api/client/account/activity[0m[96m[0m
[2m2025-07-01T20:39:36.366068250+02:00[0m [33m WARN[0m [2m/root/.cargo/registry/src/index.crates.io-1949cf8c6b5b557f/sqlx-postgres-0.8.6/src/options/parse.rs[0m[2m:[0m[2m107:[0m ignoring unrecognized connect parameter [3mkey[0m[2m=[0mssl [3mvalue[0m[2m=[0mtrue
[2m2025-07-01T20:39:37.566152704+02:00[0m [32m INFO[0m [2mbackend/src/database.rs[0m[2m:[0m[2m56:[0m [96mdatabase[0m connected [90m(postgres@[90m16.9-1.pgdg120+1[0m[90m, 1200ms)[0m
[2m2025-07-01T20:39:37.566737430+02:00[0m [32m INFO[0m [2mbackend/src/cache.rs[0m[2m:[0m[2m61:[0m [93mcache[0m connected [90m(redis@7.0.15, 0ms)[0m
[2m2025-07-01T20:39:37.567585045+02:00[0m [32m INFO[0m [2mbackend/src/main.rs[0m[2m:[0m[2m242:[0m [91mhttp server[0m listening on [36m0.0.0.0[0m [90m(app@1.0.0, 0ms)[0m
[2m2025-07-01T20:39:38.917233143+02:00[0m [32m INFO[0m [2mbackend/src/main.rs[0m[2m:[0m[2m82:[0m http get [36m/api[0m[96m[0m
[2m2025-07-01T20:39:39.313426065+02:00[0m [32m INFO[0m [2mbackend/src/main.rs[0m[2m:[0m[2m82:[0m http get [36m/favicon.ico[0m[96m[0m
[2m2025-07-01T20:39:39.313588834+02:00[0m [31mERROR[0m [2mbackend/src/main.rs[0m[2m:[0m[2m63:[0m a request panic has occurred
[2m2025-07-01T20:39:43.556265630+02:00[0m [32m INFO[0m [2mbackend/src/main.rs[0m[2m:[0m[2m82:[0m http get [36m/api/client/account/activity[0m[96m?page=1&per_page=10[0m
[2m2025-07-01T20:40:01.431107500+02:00[0m [32m INFO[0m [2mbackend/src/main.rs[0m[2m:[0m[2m82:[0m http get [36m/api/client/account/activity[0m[96m?page=0&per_page=10[0m
[2m2025-07-01T20:40:06.405770332+02:00[0m [32m INFO[0m [2mbackend/src/main.rs[0m[2m:[0m[2m82:[0m http get [36m/api/client/account/activity[0m[96m?page=1&per_page=10[0m
[2m2025-07-01T20:40:54.926519497+02:00[0m [33m WARN[0m [2m/root/.cargo/registry/src/index.crates.io-1949cf8c6b5b557f/sqlx-postgres-0.8.6/src/options/parse.rs[0m[2m:[0m[2m107:[0m ignoring unrecognized connect parameter [3mkey[0m[2m=[0mssl [3mvalue[0m[2m=[0mtrue
[2m2025-07-01T20:40:56.117456099+02:00[0m [32m INFO[0m [2mbackend/src/database.rs[0m[2m:[0m[2m56:[0m [96mdatabase[0m connected [90m(postgres@[90m16.9-1.pgdg120+1[0m[90m, 1191ms)[0m
[2m2025-07-01T20:40:56.118004925+02:00[0m [32m INFO[0m [2mbackend/src/cache.rs[0m[2m:[0m[2m61:[0m [93mcache[0m connected [90m(redis@7.0.15, 0ms)[0m
[2m2025-07-01T20:40:56.118849690+02:00[0m [32m INFO[0m [2mbackend/src/main.rs[0m[2m:[0m[2m242:[0m [91mhttp server[0m listening on [36m0.0.0.0[0m [90m(app@1.0.0, 0ms)[0m
[2m2025-07-01T20:40:56.561266240+02:00[0m [32m INFO[0m [2mbackend/src/main.rs[0m[2m:[0m[2m82:[0m http get [36m/api/client/account/activity[0m[96m?page=1&per_page=10[0m
[2m2025-07-01T20:49:17.712164186+02:00[0m [33m WARN[0m [2m/root/.cargo/registry/src/index.crates.io-1949cf8c6b5b557f/sqlx-postgres-0.8.6/src/options/parse.rs[0m[2m:[0m[2m107:[0m ignoring unrecognized connect parameter [3mkey[0m[2m=[0mssl [3mvalue[0m[2m=[0mtrue
[2m2025-07-01T20:49:18.959095008+02:00[0m [32m INFO[0m [2mbackend/src/database.rs[0m[2m:[0m[2m56:[0m [96mdatabase[0m connected [90m(postgres@[90m16.9-1.pgdg120+1[0m[90m, 1247ms)[0m
[2m2025-07-01T20:49:18.959648435+02:00[0m [32m INFO[0m [2mbackend/src/cache.rs[0m[2m:[0m[2m61:[0m [93mcache[0m connected [90m(redis@7.0.15, 0ms)[0m
[2m2025-07-01T20:49:18.960601959+02:00[0m [32m INFO[0m [2mbackend/src/main.rs[0m[2m:[0m[2m242:[0m [91mhttp server[0m listening on [36m0.0.0.0[0m [90m(app@1.0.0, 0ms)[0m
[2m2025-07-01T20:49:27.317531528+02:00[0m [32m INFO[0m [2mbackend/src/main.rs[0m[2m:[0m[2m82:[0m http get [36m/api/client/account/activity[0m[96m?page=1&per_page=10[0m
[2m2025-07-01T20:49:29.646717486+02:00[0m [32m INFO[0m [2mbackend/src/main.rs[0m[2m:[0m[2m82:[0m http get [36m/api[0m[96m[0m
[2m2025-07-01T20:49:29.838248644+02:00[0m [32m INFO[0m [2mbackend/src/main.rs[0m[2m:[0m[2m82:[0m http get [36m/favicon.ico[0m[96m[0m
[2m2025-07-01T20:49:29.838415103+02:00[0m [31mERROR[0m [2mbackend/src/main.rs[0m[2m:[0m[2m63:[0m a request panic has occurred
[2m2025-07-01T20:49:30.496395343+02:00[0m [32m INFO[0m [2mbackend/src/main.rs[0m[2m:[0m[2m82:[0m http get [36m/favicon.ico[0m[96m[0m
[2m2025-07-01T20:49:30.496511472+02:00[0m [31mERROR[0m [2mbackend/src/main.rs[0m[2m:[0m[2m63:[0m a request panic has occurred
[2m2025-07-01T20:49:36.316748864+02:00[0m [32m INFO[0m [2mbackend/src/main.rs[0m[2m:[0m[2m82:[0m http put [36m/api/client/account/password[0m[96m[0m
[2m2025-07-01T20:49:42.259268660+02:00[0m [32m INFO[0m [2mbackend/src/main.rs[0m[2m:[0m[2m82:[0m http put [36m/api/client/account/password[0m[96m[0m
[2m2025-07-01T20:49:45.590457578+02:00[0m [32m INFO[0m [2mbackend/src/main.rs[0m[2m:[0m[2m82:[0m http put [36m/api/client/account/password[0m[96m[0m
[2m2025-07-01T20:49:47.944704550+02:00[0m [32m INFO[0m [2mbackend/src/main.rs[0m[2m:[0m[2m82:[0m http put [36m/api/client/account/password[0m[96m[0m
[2m2025-07-01T20:49:48.645489150+02:00[0m [32m INFO[0m [2mbackend/src/main.rs[0m[2m:[0m[2m82:[0m http put [36m/api/client/account/password[0m[96m[0m
[2m2025-07-01T20:49:49.142384261+02:00[0m [32m INFO[0m [2mbackend/src/main.rs[0m[2m:[0m[2m82:[0m http put [36m/api/client/account/password[0m[96m[0m
[2m2025-07-01T20:49:49.631254952+02:00[0m [32m INFO[0m [2mbackend/src/main.rs[0m[2m:[0m[2m82:[0m http put [36m/api/client/account/password[0m[96m[0m
[2m2025-07-01T20:49:59.537516640+02:00[0m [32m INFO[0m [2mbackend/src/main.rs[0m[2m:[0m[2m82:[0m http put [36m/api/client/account/password[0m[96m[0m
[2m2025-07-01T20:50:20.971859594+02:00[0m [33m WARN[0m [2m/root/.cargo/registry/src/index.crates.io-1949cf8c6b5b557f/sqlx-postgres-0.8.6/src/options/parse.rs[0m[2m:[0m[2m107:[0m ignoring unrecognized connect parameter [3mkey[0m[2m=[0mssl [3mvalue[0m[2m=[0mtrue
[2m2025-07-01T20:50:22.220619685+02:00[0m [32m INFO[0m [2mbackend/src/database.rs[0m[2m:[0m[2m56:[0m [96mdatabase[0m connected [90m(postgres@[90m16.9-1.pgdg120+1[0m[90m, 1248ms)[0m
[2m2025-07-01T20:50:22.221182962+02:00[0m [32m INFO[0m [2mbackend/src/cache.rs[0m[2m:[0m[2m61:[0m [93mcache[0m connected [90m(redis@7.0.15, 0ms)[0m
[2m2025-07-01T20:50:22.222106206+02:00[0m [32m INFO[0m [2mbackend/src/main.rs[0m[2m:[0m[2m242:[0m [91mhttp server[0m listening on [36m0.0.0.0[0m [90m(app@1.0.0, 0ms)[0m
[2m2025-07-01T20:50:22.772477211+02:00[0m [32m INFO[0m [2mbackend/src/main.rs[0m[2m:[0m[2m82:[0m http put [36m/api/client/account/password[0m[96m[0m
[2m2025-07-01T20:50:23.422628140+02:00[0m [32m INFO[0m [2mbackend/src/main.rs[0m[2m:[0m[2m82:[0m http put [36m/api/client/account/password[0m[96m[0m
[2m2025-07-01T20:50:28.463182667+02:00[0m [32m INFO[0m [2mbackend/src/main.rs[0m[2m:[0m[2m82:[0m http get [36m/favicon.ico[0m[96m[0m
[2m2025-07-01T20:50:28.463365126+02:00[0m [31mERROR[0m [2mbackend/src/main.rs[0m[2m:[0m[2m63:[0m a request panic has occurred
[2m2025-07-01T20:50:30.904736830+02:00[0m [32m INFO[0m [2mbackend/src/main.rs[0m[2m:[0m[2m82:[0m http get [36m/api/client/account/activity[0m[96m?page=1&per_page=10[0m
[2m2025-07-01T20:50:34.302441971+02:00[0m [32m INFO[0m [2mbackend/src/main.rs[0m[2m:[0m[2m82:[0m http get [36m/api/client/account/activity[0m[96m?page=1&per_page=5[0m
[2m2025-07-01T20:50:38.433419829+02:00[0m [32m INFO[0m [2mbackend/src/main.rs[0m[2m:[0m[2m82:[0m http get [36m/api/client/account/activity[0m[96m?page=2&per_page=5[0m
[2m2025-07-01T20:59:22.719872130+02:00[0m [33m WARN[0m [2m/root/.cargo/registry/src/index.crates.io-1949cf8c6b5b557f/sqlx-postgres-0.8.6/src/options/parse.rs[0m[2m:[0m[2m107:[0m ignoring unrecognized connect parameter [3mkey[0m[2m=[0mssl [3mvalue[0m[2m=[0mtrue
[2m2025-07-01T20:59:23.996275948+02:00[0m [32m INFO[0m [2mbackend/src/database.rs[0m[2m:[0m[2m56:[0m [96mdatabase[0m connected [90m(postgres@[90m16.9-1.pgdg120+1[0m[90m, 1276ms)[0m
[2m2025-07-01T20:59:23.996846694+02:00[0m [32m INFO[0m [2mbackend/src/cache.rs[0m[2m:[0m[2m61:[0m [93mcache[0m connected [90m(redis@7.0.15, 0ms)[0m
[2m2025-07-01T20:59:23.997942848+02:00[0m [32m INFO[0m [2mbackend/src/main.rs[0m[2m:[0m[2m242:[0m [91mhttp server[0m listening on [36m0.0.0.0[0m [90m(app@1.0.0, 1ms)[0m
[2m2025-07-01T20:59:37.723895272+02:00[0m [32m INFO[0m [2mbackend/src/main.rs[0m[2m:[0m[2m82:[0m http get [36m/api[0m[96m[0m
[2m2025-07-01T20:59:38.072502724+02:00[0m [32m INFO[0m [2mbackend/src/main.rs[0m[2m:[0m[2m82:[0m http get [36m/favicon.ico[0m[96m[0m
[2m2025-07-01T20:59:38.072660093+02:00[0m [31mERROR[0m [2mbackend/src/main.rs[0m[2m:[0m[2m63:[0m a request panic has occurred
[2m2025-07-01T20:59:43.718356622+02:00[0m [32m INFO[0m [2mbackend/src/main.rs[0m[2m:[0m[2m82:[0m http get [36m/favicon.ico[0m[96m[0m
[2m2025-07-01T20:59:43.718464511+02:00[0m [31mERROR[0m [2mbackend/src/main.rs[0m[2m:[0m[2m63:[0m a request panic has occurred
[2m2025-07-01T20:59:47.771069110+02:00[0m [32m INFO[0m [2mbackend/src/main.rs[0m[2m:[0m[2m82:[0m http get [36m/favicon.ico[0m[96m[0m
[2m2025-07-01T20:59:47.771160010+02:00[0m [31mERROR[0m [2mbackend/src/main.rs[0m[2m:[0m[2m63:[0m a request panic has occurred
[2m2025-07-01T20:59:48.686430174+02:00[0m [32m INFO[0m [2mbackend/src/main.rs[0m[2m:[0m[2m82:[0m http post [36m/api/client/account/api-keys[0m[96m[0m
[2m2025-07-01T20:59:59.550782273+02:00[0m [33m WARN[0m [2m/root/.cargo/registry/src/index.crates.io-1949cf8c6b5b557f/sqlx-postgres-0.8.6/src/options/parse.rs[0m[2m:[0m[2m107:[0m ignoring unrecognized connect parameter [3mkey[0m[2m=[0mssl [3mvalue[0m[2m=[0mtrue
[2m2025-07-01T21:00:00.819860456+02:00[0m [32m INFO[0m [2mbackend/src/database.rs[0m[2m:[0m[2m56:[0m [96mdatabase[0m connected [90m(postgres@[90m16.9-1.pgdg120+1[0m[90m, 1269ms)[0m
[2m2025-07-01T21:00:00.820433332+02:00[0m [32m INFO[0m [2mbackend/src/cache.rs[0m[2m:[0m[2m61:[0m [93mcache[0m connected [90m(redis@7.0.15, 0ms)[0m
[2m2025-07-01T21:00:00.821490186+02:00[0m [32m INFO[0m [2mbackend/src/main.rs[0m[2m:[0m[2m242:[0m [91mhttp server[0m listening on [36m0.0.0.0[0m [90m(app@1.0.0, 1ms)[0m
[2m2025-07-01T21:00:01.259236308+02:00[0m [32m INFO[0m [2mbackend/src/main.rs[0m[2m:[0m[2m82:[0m http post [36m/api/client/account/api-keys[0m[96m[0m
[2m2025-07-01T21:00:36.341051130+02:00[0m [33m WARN[0m [2m/root/.cargo/registry/src/index.crates.io-1949cf8c6b5b557f/sqlx-postgres-0.8.6/src/options/parse.rs[0m[2m:[0m[2m107:[0m ignoring unrecognized connect parameter [3mkey[0m[2m=[0mssl [3mvalue[0m[2m=[0mtrue
[2m2025-07-01T21:00:37.603851984+02:00[0m [32m INFO[0m [2mbackend/src/database.rs[0m[2m:[0m[2m56:[0m [96mdatabase[0m connected [90m(postgres@[90m16.9-1.pgdg120+1[0m[90m, 1262ms)[0m
[2m2025-07-01T21:00:37.604392140+02:00[0m [32m INFO[0m [2mbackend/src/cache.rs[0m[2m:[0m[2m61:[0m [93mcache[0m connected [90m(redis@7.0.15, 0ms)[0m
[2m2025-07-01T21:00:37.605471283+02:00[0m [32m INFO[0m [2mbackend/src/main.rs[0m[2m:[0m[2m242:[0m [91mhttp server[0m listening on [36m0.0.0.0[0m [90m(app@1.0.0, 1ms)[0m
[2m2025-07-01T21:00:39.072200525+02:00[0m [32m INFO[0m [2mbackend/src/main.rs[0m[2m:[0m[2m82:[0m http post [36m/api/client/account/api-keys[0m[96m[0m
[2m2025-07-01T21:21:24.431343287+02:00[0m [33m WARN[0m [2m/root/.cargo/registry/src/index.crates.io-1949cf8c6b5b557f/sqlx-postgres-0.8.6/src/options/parse.rs[0m[2m:[0m[2m107:[0m ignoring unrecognized connect parameter [3mkey[0m[2m=[0mssl [3mvalue[0m[2m=[0mtrue
[2m2025-07-01T21:21:25.753496418+02:00[0m [32m INFO[0m [2mbackend/src/database.rs[0m[2m:[0m[2m56:[0m [96mdatabase[0m connected [90m(postgres@[90m16.9-1.pgdg120+1[0m[90m, 1322ms)[0m
[2m2025-07-01T21:21:25.754085234+02:00[0m [32m INFO[0m [2mbackend/src/cache.rs[0m[2m:[0m[2m61:[0m [93mcache[0m connected [90m(redis@7.0.15, 0ms)[0m
[2m2025-07-01T21:21:25.755232627+02:00[0m [32m INFO[0m [2mbackend/src/main.rs[0m[2m:[0m[2m242:[0m [91mhttp server[0m listening on [36m0.0.0.0[0m [90m(app@1.0.0, 1ms)[0m
[2m2025-07-01T21:21:29.210361857+02:00[0m [32m INFO[0m [2mbackend/src/main.rs[0m[2m:[0m[2m82:[0m http get [36m/api[0m[96m[0m
[2m2025-07-01T21:21:29.417033634+02:00[0m [32m INFO[0m [2mbackend/src/main.rs[0m[2m:[0m[2m82:[0m http get [36m/favicon.ico[0m[96m[0m
[2m2025-07-01T21:21:29.417196413+02:00[0m [31mERROR[0m [2mbackend/src/main.rs[0m[2m:[0m[2m63:[0m a request panic has occurred
[2m2025-07-01T21:21:30.412300891+02:00[0m [32m INFO[0m [2mbackend/src/main.rs[0m[2m:[0m[2m82:[0m http get [36m/favicon.ico[0m[96m[0m
[2m2025-07-01T21:21:30.412414171+02:00[0m [31mERROR[0m [2mbackend/src/main.rs[0m[2m:[0m[2m63:[0m a request panic has occurred
[2m2025-07-01T21:21:34.436587656+02:00[0m [32m INFO[0m [2mbackend/src/main.rs[0m[2m:[0m[2m82:[0m http delete [36m/api/client/account/api-keys/ptlc_1HUayQFz6ba[0m[96m[0m
[2m2025-07-01T21:21:37.275593650+02:00[0m [32m INFO[0m [2mbackend/src/main.rs[0m[2m:[0m[2m82:[0m http delete [36m/api/client/account/api-keys/ptlc_1HUayQFz6ba[0m[96m[0m
[2m2025-07-01T21:21:50.687520257+02:00[0m [32m INFO[0m [2mbackend/src/main.rs[0m[2m:[0m[2m82:[0m http get [36m/favicon.ico[0m[96m[0m
[2m2025-07-01T21:21:50.687611887+02:00[0m [31mERROR[0m [2mbackend/src/main.rs[0m[2m:[0m[2m63:[0m a request panic has occurred
[2m2025-07-01T21:21:54.919514232+02:00[0m [32m INFO[0m [2mbackend/src/main.rs[0m[2m:[0m[2m82:[0m http get [36m/favicon.ico[0m[96m[0m
[2m2025-07-01T21:21:54.919613861+02:00[0m [31mERROR[0m [2mbackend/src/main.rs[0m[2m:[0m[2m63:[0m a request panic has occurred
[2m2025-07-01T21:21:55.450470539+02:00[0m [32m INFO[0m [2mbackend/src/main.rs[0m[2m:[0m[2m82:[0m http post [36m/api/client/account/api-keys[0m[96m[0m
[2m2025-07-01T21:22:02.774619879+02:00[0m [32m INFO[0m [2mbackend/src/main.rs[0m[2m:[0m[2m82:[0m http post [36m/api/client/account/api-keys[0m[96m[0m
[2m2025-07-01T21:39:14.585997683+02:00[0m [33m WARN[0m [2m/root/.cargo/registry/src/index.crates.io-1949cf8c6b5b557f/sqlx-postgres-0.8.6/src/options/parse.rs[0m[2m:[0m[2m107:[0m ignoring unrecognized connect parameter [3mkey[0m[2m=[0mssl [3mvalue[0m[2m=[0mtrue
[2m2025-07-01T21:39:15.908913332+02:00[0m [32m INFO[0m [2mbackend/src/database.rs[0m[2m:[0m[2m56:[0m [96mdatabase[0m connected [90m(postgres@[90m16.9-1.pgdg120+1[0m[90m, 1323ms)[0m
[2m2025-07-01T21:39:15.909540448+02:00[0m [32m INFO[0m [2mbackend/src/cache.rs[0m[2m:[0m[2m61:[0m [93mcache[0m connected [90m(redis@7.0.15, 0ms)[0m
[2m2025-07-01T21:39:15.910867499+02:00[0m [32m INFO[0m [2mbackend/src/main.rs[0m[2m:[0m[2m242:[0m [91mhttp server[0m listening on [36m0.0.0.0[0m [90m(app@1.0.0, 1ms)[0m
[2m2025-07-01T21:39:17.515373711+02:00[0m [32m INFO[0m [2mbackend/src/main.rs[0m[2m:[0m[2m82:[0m http get [36m/api[0m[96m[0m
[2m2025-07-01T21:39:17.712887244+02:00[0m [32m INFO[0m [2mbackend/src/main.rs[0m[2m:[0m[2m82:[0m http get [36m/favicon.ico[0m[96m[0m
[2m2025-07-01T21:39:17.713056883+02:00[0m [31mERROR[0m [2mbackend/src/main.rs[0m[2m:[0m[2m63:[0m a request panic has occurred
[2m2025-07-01T21:39:18.963680538+02:00[0m [32m INFO[0m [2mbackend/src/main.rs[0m[2m:[0m[2m82:[0m http get [36m/favicon.ico[0m[96m[0m
[2m2025-07-01T21:39:18.963783537+02:00[0m [31mERROR[0m [2mbackend/src/main.rs[0m[2m:[0m[2m63:[0m a request panic has occurred
[2m2025-07-01T21:39:36.534793868+02:00[0m [32m INFO[0m [2mbackend/src/main.rs[0m[2m:[0m[2m82:[0m http post [36m/api/client/account/ssh-keys[0m[96m[0m
[2m2025-07-01T21:39:36.645986946+02:00[0m [31mERROR[0m [2mbackend/src/main.rs[0m[2m:[0m[2m63:[0m a request panic has occurred
[2m2025-07-01T21:40:15.633939268+02:00[0m [33m WARN[0m [2m/root/.cargo/registry/src/index.crates.io-1949cf8c6b5b557f/sqlx-postgres-0.8.6/src/options/parse.rs[0m[2m:[0m[2m107:[0m ignoring unrecognized connect parameter [3mkey[0m[2m=[0mssl [3mvalue[0m[2m=[0mtrue
[2m2025-07-01T21:40:16.948920058+02:00[0m [32m INFO[0m [2mbackend/src/database.rs[0m[2m:[0m[2m56:[0m [96mdatabase[0m connected [90m(postgres@[90m16.9-1.pgdg120+1[0m[90m, 1315ms)[0m
[2m2025-07-01T21:40:16.949448664+02:00[0m [32m INFO[0m [2mbackend/src/cache.rs[0m[2m:[0m[2m61:[0m [93mcache[0m connected [90m(redis@7.0.15, 0ms)[0m
[2m2025-07-01T21:40:16.950829215+02:00[0m [32m INFO[0m [2mbackend/src/main.rs[0m[2m:[0m[2m242:[0m [91mhttp server[0m listening on [36m0.0.0.0[0m [90m(app@1.0.0, 1ms)[0m
[2m2025-07-01T21:40:17.591754390+02:00[0m [32m INFO[0m [2mbackend/src/main.rs[0m[2m:[0m[2m82:[0m http post [36m/api/client/account/ssh-keys[0m[96m[0m
[2m2025-07-01T21:40:21.712619476+02:00[0m [32m INFO[0m [2mbackend/src/main.rs[0m[2m:[0m[2m82:[0m http get [36m/favicon.ico[0m[96m[0m
[2m2025-07-01T21:40:21.712838754+02:00[0m [31mERROR[0m [2mbackend/src/main.rs[0m[2m:[0m[2m63:[0m a request panic has occurred
[2m2025-07-01T21:40:23.335200903+02:00[0m [32m INFO[0m [2mbackend/src/main.rs[0m[2m:[0m[2m82:[0m http get [36m/api/client/account/ssh-keys[0m[96m?page=1&per_page=10[0m
[2m2025-07-01T21:40:57.246216386+02:00[0m [32m INFO[0m [2mbackend/src/main.rs[0m[2m:[0m[2m82:[0m http get [36m/favicon.ico[0m[96m[0m
[2m2025-07-01T21:40:57.246309085+02:00[0m [31mERROR[0m [2mbackend/src/main.rs[0m[2m:[0m[2m63:[0m a request panic has occurred
[2m2025-07-01T21:53:24.899956515+02:00[0m [33m WARN[0m [2m/root/.cargo/registry/src/index.crates.io-1949cf8c6b5b557f/sqlx-postgres-0.8.6/src/options/parse.rs[0m[2m:[0m[2m107:[0m ignoring unrecognized connect parameter [3mkey[0m[2m=[0mssl [3mvalue[0m[2m=[0mtrue
[2m2025-07-01T21:53:26.183616743+02:00[0m [32m INFO[0m [2mbackend/src/database.rs[0m[2m:[0m[2m56:[0m [96mdatabase[0m connected [90m(postgres@[90m16.9-1.pgdg120+1[0m[90m, 1283ms)[0m
[2m2025-07-01T21:53:26.184185009+02:00[0m [32m INFO[0m [2mbackend/src/cache.rs[0m[2m:[0m[2m61:[0m [93mcache[0m connected [90m(redis@7.0.15, 0ms)[0m
[2m2025-07-01T21:53:26.185596060+02:00[0m [32m INFO[0m [2mbackend/src/main.rs[0m[2m:[0m[2m242:[0m [91mhttp server[0m listening on [36m0.0.0.0[0m [90m(app@1.0.0, 1ms)[0m
[2m2025-07-01T21:53:28.737195478+02:00[0m [32m INFO[0m [2mbackend/src/main.rs[0m[2m:[0m[2m82:[0m http get [36m/api[0m[96m[0m
[2m2025-07-01T21:53:28.935316639+02:00[0m [32m INFO[0m [2mbackend/src/main.rs[0m[2m:[0m[2m82:[0m http get [36m/favicon.ico[0m[96m[0m
[2m2025-07-01T21:53:28.935469978+02:00[0m [31mERROR[0m [2mbackend/src/main.rs[0m[2m:[0m[2m63:[0m a request panic has occurred
[2m2025-07-01T21:53:37.655945147+02:00[0m [32m INFO[0m [2mbackend/src/main.rs[0m[2m:[0m[2m82:[0m http get [36m/favicon.ico[0m[96m[0m
[2m2025-07-01T21:53:37.656057717+02:00[0m [31mERROR[0m [2mbackend/src/main.rs[0m[2m:[0m[2m63:[0m a request panic has occurred
[2m2025-07-01T21:53:39.368244226+02:00[0m [32m INFO[0m [2mbackend/src/main.rs[0m[2m:[0m[2m82:[0m http get [36m/api/client/account/ssh-keys[0m[96m?page=1&per_page=10[0m
[2m2025-07-01T21:53:43.125590588+02:00[0m [32m INFO[0m [2mbackend/src/main.rs[0m[2m:[0m[2m82:[0m http get [36m/favicon.ico[0m[96m[0m
[2m2025-07-01T21:53:43.125700828+02:00[0m [31mERROR[0m [2mbackend/src/main.rs[0m[2m:[0m[2m63:[0m a request panic has occurred
[2m2025-07-01T21:53:44.179833740+02:00[0m [32m INFO[0m [2mbackend/src/main.rs[0m[2m:[0m[2m82:[0m http get [36m/favicon.ico[0m[96m[0m
[2m2025-07-01T21:53:44.179926729+02:00[0m [31mERROR[0m [2mbackend/src/main.rs[0m[2m:[0m[2m63:[0m a request panic has occurred
[2m2025-07-01T21:53:53.782951306+02:00[0m [32m INFO[0m [2mbackend/src/main.rs[0m[2m:[0m[2m82:[0m http patch [36m/api/client/account/ssh-keys/ncZIBg5GoioMFHMbeyh0h7TzX2Zy3LpoQgRPDbq2qfA[0m[96m[0m
[2m2025-07-01T21:54:32.635080661+02:00[0m [33m WARN[0m [2m/root/.cargo/registry/src/index.crates.io-1949cf8c6b5b557f/sqlx-postgres-0.8.6/src/options/parse.rs[0m[2m:[0m[2m107:[0m ignoring unrecognized connect parameter [3mkey[0m[2m=[0mssl [3mvalue[0m[2m=[0mtrue
[2m2025-07-01T21:54:33.910649681+02:00[0m [32m INFO[0m [2mbackend/src/database.rs[0m[2m:[0m[2m56:[0m [96mdatabase[0m connected [90m(postgres@[90m16.9-1.pgdg120+1[0m[90m, 1275ms)[0m
[2m2025-07-01T21:54:33.911200758+02:00[0m [32m INFO[0m [2mbackend/src/cache.rs[0m[2m:[0m[2m61:[0m [93mcache[0m connected [90m(redis@7.0.15, 0ms)[0m
[2m2025-07-01T21:54:33.912655108+02:00[0m [32m INFO[0m [2mbackend/src/main.rs[0m[2m:[0m[2m242:[0m [91mhttp server[0m listening on [36m0.0.0.0[0m [90m(app@1.0.0, 1ms)[0m
[2m2025-07-01T21:54:35.348729354+02:00[0m [32m INFO[0m [2mbackend/src/main.rs[0m[2m:[0m[2m82:[0m http get [36m/api[0m[96m[0m
[2m2025-07-01T21:54:35.541075123+02:00[0m [32m INFO[0m [2mbackend/src/main.rs[0m[2m:[0m[2m82:[0m http get [36m/favicon.ico[0m[96m[0m
[2m2025-07-01T21:54:35.541239772+02:00[0m [31mERROR[0m [2mbackend/src/main.rs[0m[2m:[0m[2m63:[0m a request panic has occurred
[2m2025-07-01T21:55:23.813779234+02:00[0m [33m WARN[0m [2m/root/.cargo/registry/src/index.crates.io-1949cf8c6b5b557f/sqlx-postgres-0.8.6/src/options/parse.rs[0m[2m:[0m[2m107:[0m ignoring unrecognized connect parameter [3mkey[0m[2m=[0mssl [3mvalue[0m[2m=[0mtrue
[2m2025-07-01T21:55:25.150123379+02:00[0m [32m INFO[0m [2mbackend/src/database.rs[0m[2m:[0m[2m56:[0m [96mdatabase[0m connected [90m(postgres@[90m16.9-1.pgdg120+1[0m[90m, 1336ms)[0m
[2m2025-07-01T21:55:25.150682445+02:00[0m [32m INFO[0m [2mbackend/src/cache.rs[0m[2m:[0m[2m61:[0m [93mcache[0m connected [90m(redis@7.0.15, 0ms)[0m
[2m2025-07-01T21:55:25.152139646+02:00[0m [32m INFO[0m [2mbackend/src/main.rs[0m[2m:[0m[2m242:[0m [91mhttp server[0m listening on [36m0.0.0.0[0m [90m(app@1.0.0, 1ms)[0m
[2m2025-07-01T21:55:25.177067733+02:00[0m [32m INFO[0m [2mbackend/src/main.rs[0m[2m:[0m[2m82:[0m http get [36m/favicon.ico[0m[96m[0m
[2m2025-07-01T21:55:25.177237182+02:00[0m [31mERROR[0m [2mbackend/src/main.rs[0m[2m:[0m[2m63:[0m a request panic has occurred
[2m2025-07-01T21:55:26.544014539+02:00[0m [32m INFO[0m [2mbackend/src/main.rs[0m[2m:[0m[2m82:[0m http get [36m/api[0m[96m[0m
[2m2025-07-01T21:55:26.657283862+02:00[0m [32m INFO[0m [2mbackend/src/main.rs[0m[2m:[0m[2m82:[0m http get [36m/favicon.ico[0m[96m[0m
[2m2025-07-01T21:55:26.657366402+02:00[0m [31mERROR[0m [2mbackend/src/main.rs[0m[2m:[0m[2m63:[0m a request panic has occurred
[2m2025-07-01T22:04:14.918121359+02:00[0m [33m WARN[0m [2m/root/.cargo/registry/src/index.crates.io-1949cf8c6b5b557f/sqlx-postgres-0.8.6/src/options/parse.rs[0m[2m:[0m[2m107:[0m ignoring unrecognized connect parameter [3mkey[0m[2m=[0mssl [3mvalue[0m[2m=[0mtrue
[2m2025-07-01T22:04:16.367047249+02:00[0m [32m INFO[0m [2mbackend/src/database.rs[0m[2m:[0m[2m56:[0m [96mdatabase[0m connected [90m(postgres@[90m16.9-1.pgdg120+1[0m[90m, 1449ms)[0m
[2m2025-07-01T22:04:16.367639825+02:00[0m [32m INFO[0m [2mbackend/src/cache.rs[0m[2m:[0m[2m61:[0m [93mcache[0m connected [90m(redis@7.0.15, 0ms)[0m
[2m2025-07-01T22:04:16.369200645+02:00[0m [32m INFO[0m [2mbackend/src/main.rs[0m[2m:[0m[2m242:[0m [91mhttp server[0m listening on [36m0.0.0.0[0m [90m(app@1.0.0, 1ms)[0m
[2m2025-07-01T22:04:17.647392410+02:00[0m [32m INFO[0m [2mbackend/src/main.rs[0m[2m:[0m[2m82:[0m http get [36m/api[0m[96m[0m
[2m2025-07-01T22:04:18.101497178+02:00[0m [32m INFO[0m [2mbackend/src/main.rs[0m[2m:[0m[2m82:[0m http get [36m/favicon.ico[0m[96m[0m
[2m2025-07-01T22:04:18.101647467+02:00[0m [31mERROR[0m [2mbackend/src/main.rs[0m[2m:[0m[2m63:[0m a request panic has occurred
[2m2025-07-01T22:04:18.890102852+02:00[0m [32m INFO[0m [2mbackend/src/main.rs[0m[2m:[0m[2m82:[0m http get [36m/favicon.ico[0m[96m[0m
[2m2025-07-01T22:04:18.890214601+02:00[0m [31mERROR[0m [2mbackend/src/main.rs[0m[2m:[0m[2m63:[0m a request panic has occurred
[2m2025-07-01T22:04:21.131922578+02:00[0m [32m INFO[0m [2mbackend/src/main.rs[0m[2m:[0m[2m82:[0m http get [36m/api/client/account/two-factor[0m[96m[0m
[2m2025-07-01T22:04:45.100890758+02:00[0m [32m INFO[0m [2mbackend/src/main.rs[0m[2m:[0m[2m82:[0m http get [36m/api/client/account/two-factor[0m[96m[0m
[2m2025-07-01T22:04:46.553459904+02:00[0m [32m INFO[0m [2mbackend/src/main.rs[0m[2m:[0m[2m82:[0m http get [36m/api/client/account/two-factor[0m[96m[0m
[2m2025-07-01T22:09:34.234786458+02:00[0m [33m WARN[0m [2m/root/.cargo/registry/src/index.crates.io-1949cf8c6b5b557f/sqlx-postgres-0.8.6/src/options/parse.rs[0m[2m:[0m[2m107:[0m ignoring unrecognized connect parameter [3mkey[0m[2m=[0mssl [3mvalue[0m[2m=[0mtrue
[2m2025-07-01T22:09:35.608514452+02:00[0m [32m INFO[0m [2mbackend/src/database.rs[0m[2m:[0m[2m56:[0m [96mdatabase[0m connected [90m(postgres@[90m16.9-1.pgdg120+1[0m[90m, 1373ms)[0m
[2m2025-07-01T22:09:35.609081657+02:00[0m [32m INFO[0m [2mbackend/src/cache.rs[0m[2m:[0m[2m61:[0m [93mcache[0m connected [90m(redis@7.0.15, 0ms)[0m
[2m2025-07-01T22:09:35.610718972+02:00[0m [32m INFO[0m [2mbackend/src/main.rs[0m[2m:[0m[2m242:[0m [91mhttp server[0m listening on [36m0.0.0.0[0m [90m(app@1.0.0, 1ms)[0m
[2m2025-07-01T22:09:42.041483982+02:00[0m [32m INFO[0m [2mbackend/src/main.rs[0m[2m:[0m[2m82:[0m http get [36m/api[0m[96m[0m
[2m2025-07-01T22:09:42.323358055+02:00[0m [32m INFO[0m [2mbackend/src/main.rs[0m[2m:[0m[2m82:[0m http get [36m/favicon.ico[0m[96m[0m
[2m2025-07-01T22:09:42.323538603+02:00[0m [31mERROR[0m [2mbackend/src/main.rs[0m[2m:[0m[2m63:[0m a request panic has occurred
[2m2025-07-01T22:09:43.078847329+02:00[0m [32m INFO[0m [2mbackend/src/main.rs[0m[2m:[0m[2m82:[0m http get [36m/favicon.ico[0m[96m[0m
[2m2025-07-01T22:09:43.078957468+02:00[0m [31mERROR[0m [2mbackend/src/main.rs[0m[2m:[0m[2m63:[0m a request panic has occurred
[2m2025-07-01T22:09:44.006968682+02:00[0m [32m INFO[0m [2mbackend/src/main.rs[0m[2m:[0m[2m82:[0m http get [36m/favicon.ico[0m[96m[0m
[2m2025-07-01T22:09:44.007061281+02:00[0m [31mERROR[0m [2mbackend/src/main.rs[0m[2m:[0m[2m63:[0m a request panic has occurred
[2m2025-07-01T22:09:46.262507803+02:00[0m [32m INFO[0m [2mbackend/src/main.rs[0m[2m:[0m[2m82:[0m http get [36m/api/client/account/two-factor[0m[96m[0m
[2m2025-07-01T22:10:08.519960746+02:00[0m [32m INFO[0m [2mbackend/src/main.rs[0m[2m:[0m[2m82:[0m http get [36m/favicon.ico[0m[96m[0m
[2m2025-07-01T22:10:08.520078635+02:00[0m [31mERROR[0m [2mbackend/src/main.rs[0m[2m:[0m[2m63:[0m a request panic has occurred
[2m2025-07-01T22:10:13.588216162+02:00[0m [32m INFO[0m [2mbackend/src/main.rs[0m[2m:[0m[2m82:[0m http post [36m/api/client/account/two-factor[0m[96m[0m
[2m2025-07-01T22:10:50.984308571+02:00[0m [33m WARN[0m [2m/root/.cargo/registry/src/index.crates.io-1949cf8c6b5b557f/sqlx-postgres-0.8.6/src/options/parse.rs[0m[2m:[0m[2m107:[0m ignoring unrecognized connect parameter [3mkey[0m[2m=[0mssl [3mvalue[0m[2m=[0mtrue
[2m2025-07-01T22:10:52.280289009+02:00[0m [32m INFO[0m [2mbackend/src/database.rs[0m[2m:[0m[2m56:[0m [96mdatabase[0m connected [90m(postgres@[90m16.9-1.pgdg120+1[0m[90m, 1296ms)[0m
[2m2025-07-01T22:10:52.280877474+02:00[0m [32m INFO[0m [2mbackend/src/cache.rs[0m[2m:[0m[2m61:[0m [93mcache[0m connected [90m(redis@7.0.15, 0ms)[0m
[2m2025-07-01T22:10:52.282493149+02:00[0m [32m INFO[0m [2mbackend/src/main.rs[0m[2m:[0m[2m242:[0m [91mhttp server[0m listening on [36m0.0.0.0[0m [90m(app@1.0.0, 1ms)[0m
[2m2025-07-01T22:10:53.668641992+02:00[0m [32m INFO[0m [2mbackend/src/main.rs[0m[2m:[0m[2m82:[0m http post [36m/api/client/account/two-factor[0m[96m[0m
[2m2025-07-01T22:10:55.082071972+02:00[0m [32m INFO[0m [2mbackend/src/main.rs[0m[2m:[0m[2m82:[0m http post [36m/api/client/account/two-factor[0m[96m[0m
[2m2025-07-01T22:12:43.345046577+02:00[0m [32m INFO[0m [2mbackend/src/main.rs[0m[2m:[0m[2m82:[0m http post [36m/api/client/account/two-factor[0m[96m[0m
[2m2025-07-01T22:15:23.237784254+02:00[0m [33m WARN[0m [2m/root/.cargo/registry/src/index.crates.io-1949cf8c6b5b557f/sqlx-postgres-0.8.6/src/options/parse.rs[0m[2m:[0m[2m107:[0m ignoring unrecognized connect parameter [3mkey[0m[2m=[0mssl [3mvalue[0m[2m=[0mtrue
[2m2025-07-01T22:15:24.497281406+02:00[0m [32m INFO[0m [2mbackend/src/database.rs[0m[2m:[0m[2m56:[0m [96mdatabase[0m connected [90m(postgres@[90m16.9-1.pgdg120+1[0m[90m, 1259ms)[0m
[2m2025-07-01T22:15:24.497832452+02:00[0m [32m INFO[0m [2mbackend/src/cache.rs[0m[2m:[0m[2m61:[0m [93mcache[0m connected [90m(redis@7.0.15, 0ms)[0m
[2m2025-07-01T22:15:24.499397613+02:00[0m [32m INFO[0m [2mbackend/src/main.rs[0m[2m:[0m[2m242:[0m [91mhttp server[0m listening on [36m0.0.0.0[0m [90m(app@1.0.0, 1ms)[0m
[2m2025-07-01T22:15:29.977616650+02:00[0m [32m INFO[0m [2mbackend/src/main.rs[0m[2m:[0m[2m82:[0m http post [36m/api/client/account/two-factor[0m[96m[0m
[2m2025-07-01T22:15:30.645153859+02:00[0m [32m INFO[0m [2mbackend/src/main.rs[0m[2m:[0m[2m82:[0m http post [36m/api/client/account/two-factor[0m[96m[0m
[2m2025-07-01T22:15:35.059206187+02:00[0m [32m INFO[0m [2mbackend/src/main.rs[0m[2m:[0m[2m82:[0m http post [36m/api/client/account/two-factor[0m[96m[0m
[2m2025-07-01T22:15:41.179668575+02:00[0m [32m INFO[0m [2mbackend/src/main.rs[0m[2m:[0m[2m82:[0m http post [36m/api/client/account/two-factor[0m[96m[0m
[2m2025-07-01T22:15:47.019425021+02:00[0m [32m INFO[0m [2mbackend/src/main.rs[0m[2m:[0m[2m82:[0m http post [36m/api/client/account/two-factor[0m[96m[0m
[2m2025-07-01T22:15:47.786902359+02:00[0m [32m INFO[0m [2mbackend/src/main.rs[0m[2m:[0m[2m82:[0m http post [36m/api/client/account/two-factor[0m[96m[0m
[2m2025-07-01T22:15:48.411680082+02:00[0m [32m INFO[0m [2mbackend/src/main.rs[0m[2m:[0m[2m82:[0m http post [36m/api/client/account/two-factor[0m[96m[0m
[2m2025-07-01T22:15:48.971148192+02:00[0m [32m INFO[0m [2mbackend/src/main.rs[0m[2m:[0m[2m82:[0m http post [36m/api/client/account/two-factor[0m[96m[0m
[2m2025-07-01T22:15:49.480853581+02:00[0m [32m INFO[0m [2mbackend/src/main.rs[0m[2m:[0m[2m82:[0m http post [36m/api/client/account/two-factor[0m[96m[0m
[2m2025-07-01T22:15:49.995161280+02:00[0m [32m INFO[0m [2mbackend/src/main.rs[0m[2m:[0m[2m82:[0m http post [36m/api/client/account/two-factor[0m[96m[0m
[2m2025-07-01T22:15:50.458910753+02:00[0m [32m INFO[0m [2mbackend/src/main.rs[0m[2m:[0m[2m82:[0m http post [36m/api/client/account/two-factor[0m[96m[0m
[2m2025-07-01T22:39:23.596370099+02:00[0m [33m WARN[0m [2m/root/.cargo/registry/src/index.crates.io-1949cf8c6b5b557f/sqlx-postgres-0.8.6/src/options/parse.rs[0m[2m:[0m[2m107:[0m ignoring unrecognized connect parameter [3mkey[0m[2m=[0mssl [3mvalue[0m[2m=[0mtrue
[2m2025-07-01T22:39:24.860705268+02:00[0m [32m INFO[0m [2mbackend/src/database.rs[0m[2m:[0m[2m56:[0m [96mdatabase[0m connected [90m(postgres@[90m16.9-1.pgdg120+1[0m[90m, 1264ms)[0m
[2m2025-07-01T22:39:24.861238995+02:00[0m [32m INFO[0m [2mbackend/src/cache.rs[0m[2m:[0m[2m61:[0m [93mcache[0m connected [90m(redis@7.0.15, 0ms)[0m
[2m2025-07-01T22:39:24.862919194+02:00[0m [32m INFO[0m [2mbackend/src/main.rs[0m[2m:[0m[2m242:[0m [91mhttp server[0m listening on [36m0.0.0.0[0m [90m(app@1.0.0, 1ms)[0m
[2m2025-07-01T22:39:29.901551249+02:00[0m [32m INFO[0m [2mbackend/src/main.rs[0m[2m:[0m[2m82:[0m http get [36m/api[0m[96m[0m
[2m2025-07-01T22:39:30.351038551+02:00[0m [32m INFO[0m [2mbackend/src/main.rs[0m[2m:[0m[2m82:[0m http get [36m/favicon.ico[0m[96m[0m
[2m2025-07-01T22:39:30.351226099+02:00[0m [31mERROR[0m [2mbackend/src/main.rs[0m[2m:[0m[2m63:[0m a request panic has occurred
[2m2025-07-01T22:39:31.498005726+02:00[0m [32m INFO[0m [2mbackend/src/main.rs[0m[2m:[0m[2m82:[0m http get [36m/favicon.ico[0m[96m[0m
[2m2025-07-01T22:39:31.498133115+02:00[0m [31mERROR[0m [2mbackend/src/main.rs[0m[2m:[0m[2m63:[0m a request panic has occurred
[2m2025-07-01T22:39:40.611577579+02:00[0m [32m INFO[0m [2mbackend/src/main.rs[0m[2m:[0m[2m82:[0m http delete [36m/api/client/account/two-factor[0m[96m[0m
[2m2025-07-01T22:39:43.174258037+02:00[0m [32m INFO[0m [2mbackend/src/main.rs[0m[2m:[0m[2m82:[0m http delete [36m/api/client/account/two-factor[0m[96m[0m
[2m2025-07-01T22:39:45.945726278+02:00[0m [32m INFO[0m [2mbackend/src/main.rs[0m[2m:[0m[2m82:[0m http get [36m/favicon.ico[0m[96m[0m
[2m2025-07-01T22:39:45.945821228+02:00[0m [31mERROR[0m [2mbackend/src/main.rs[0m[2m:[0m[2m63:[0m a request panic has occurred
[2m2025-07-01T22:39:47.797619639+02:00[0m [32m INFO[0m [2mbackend/src/main.rs[0m[2m:[0m[2m82:[0m http get [36m/api/client/account/two-factor[0m[96m[0m
[2m2025-07-01T22:40:01.721752866+02:00[0m [32m INFO[0m [2mbackend/src/main.rs[0m[2m:[0m[2m82:[0m http get [36m/favicon.ico[0m[96m[0m
[2m2025-07-01T22:40:01.721849106+02:00[0m [31mERROR[0m [2mbackend/src/main.rs[0m[2m:[0m[2m63:[0m a request panic has occurred
[2m2025-07-01T22:40:06.551068290+02:00[0m [32m INFO[0m [2mbackend/src/main.rs[0m[2m:[0m[2m82:[0m http post [36m/api/client/account/two-factor[0m[96m[0m
[2m2025-07-01T22:40:25.519992924+02:00[0m [32m INFO[0m [2mbackend/src/main.rs[0m[2m:[0m[2m82:[0m http get [36m/favicon.ico[0m[96m[0m
[2m2025-07-01T22:40:25.520089013+02:00[0m [31mERROR[0m [2mbackend/src/main.rs[0m[2m:[0m[2m63:[0m a request panic has occurred
[2m2025-07-01T22:40:25.878950299+02:00[0m [32m INFO[0m [2mbackend/src/main.rs[0m[2m:[0m[2m82:[0m http get [36m/favicon.ico[0m[96m[0m
[2m2025-07-01T22:40:25.879047678+02:00[0m [31mERROR[0m [2mbackend/src/main.rs[0m[2m:[0m[2m63:[0m a request panic has occurred
[2m2025-07-01T22:40:31.793702545+02:00[0m [32m INFO[0m [2mbackend/src/main.rs[0m[2m:[0m[2m82:[0m http get [36m/[0m[96m[0m
[2m2025-07-01T22:40:31.793798385+02:00[0m [31mERROR[0m [2mbackend/src/main.rs[0m[2m:[0m[2m63:[0m a request panic has occurred
[2m2025-07-01T22:40:31.870487290+02:00[0m [32m INFO[0m [2mbackend/src/main.rs[0m[2m:[0m[2m82:[0m http get [36m/favicon.ico[0m[96m[0m
[2m2025-07-01T22:40:31.870581890+02:00[0m [31mERROR[0m [2mbackend/src/main.rs[0m[2m:[0m[2m63:[0m a request panic has occurred
[2m2025-07-01T22:40:34.489795053+02:00[0m [32m INFO[0m [2mbackend/src/main.rs[0m[2m:[0m[2m82:[0m http get [36m/api[0m[96m[0m
[2m2025-07-01T22:40:35.070165422+02:00[0m [32m INFO[0m [2mbackend/src/main.rs[0m[2m:[0m[2m82:[0m http get [36m/favicon.ico[0m[96m[0m
[2m2025-07-01T22:40:35.070252841+02:00[0m [31mERROR[0m [2mbackend/src/main.rs[0m[2m:[0m[2m63:[0m a request panic has occurred
[2m2025-07-01T22:40:38.712985725+02:00[0m [32m INFO[0m [2mbackend/src/main.rs[0m[2m:[0m[2m82:[0m http get [36m/favicon.ico[0m[96m[0m
[2m2025-07-01T22:40:38.713080574+02:00[0m [31mERROR[0m [2mbackend/src/main.rs[0m[2m:[0m[2m63:[0m a request panic has occurred
[2m2025-07-01T22:40:40.956492851+02:00[0m [32m INFO[0m [2mbackend/src/main.rs[0m[2m:[0m[2m82:[0m http get [36m/favicon.ico[0m[96m[0m
[2m2025-07-01T22:40:40.956586530+02:00[0m [31mERROR[0m [2mbackend/src/main.rs[0m[2m:[0m[2m63:[0m a request panic has occurred
[2m2025-07-01T22:40:42.442274272+02:00[0m [32m INFO[0m [2mbackend/src/main.rs[0m[2m:[0m[2m82:[0m http get [36m/api/client/account[0m[96m[0m
[2m2025-07-01T22:40:45.193937951+02:00[0m [32m INFO[0m [2mbackend/src/main.rs[0m[2m:[0m[2m82:[0m http get [36m/favicon.ico[0m[96m[0m
[2m2025-07-01T22:40:45.194032670+02:00[0m [31mERROR[0m [2mbackend/src/main.rs[0m[2m:[0m[2m63:[0m a request panic has occurred
[2m2025-07-01T22:40:52.904073332+02:00[0m [32m INFO[0m [2mbackend/src/main.rs[0m[2m:[0m[2m82:[0m http post [36m/api/auth/login[0m[96m[0m
[2m2025-07-01T22:40:58.522772397+02:00[0m [32m INFO[0m [2mbackend/src/main.rs[0m[2m:[0m[2m82:[0m http post [36m/api/auth/login[0m[96m[0m
[2m2025-07-01T22:41:19.540517241+02:00[0m [32m INFO[0m [2mbackend/src/main.rs[0m[2m:[0m[2m82:[0m http get [36m/favicon.ico[0m[96m[0m
[2m2025-07-01T22:41:19.540609840+02:00[0m [31mERROR[0m [2mbackend/src/main.rs[0m[2m:[0m[2m63:[0m a request panic has occurred
[2m2025-07-01T22:41:22.408027133+02:00[0m [32m INFO[0m [2mbackend/src/main.rs[0m[2m:[0m[2m82:[0m http get [36m/favicon.ico[0m[96m[0m
[2m2025-07-01T22:41:22.408121952+02:00[0m [31mERROR[0m [2mbackend/src/main.rs[0m[2m:[0m[2m63:[0m a request panic has occurred
[2m2025-07-01T22:41:38.392296619+02:00[0m [32m INFO[0m [2mbackend/src/main.rs[0m[2m:[0m[2m82:[0m http post [36m/api/auth/login/checkpoint[0m[96m[0m
[2m2025-07-01T22:41:49.811047870+02:00[0m [32m INFO[0m [2mbackend/src/main.rs[0m[2m:[0m[2m82:[0m http post [36m/api/auth/login/checkpoint[0m[96m[0m
[2m2025-07-01T22:42:25.909584254+02:00[0m [32m INFO[0m [2mbackend/src/main.rs[0m[2m:[0m[2m82:[0m http post [36m/api/auth/login/checkpoint[0m[96m[0m
[2m2025-07-01T22:43:24.467148769+02:00[0m [32m INFO[0m [2mbackend/src/main.rs[0m[2m:[0m[2m82:[0m http get [36m/api[0m[96m[0m
[2m2025-07-01T22:43:24.761399252+02:00[0m [32m INFO[0m [2mbackend/src/main.rs[0m[2m:[0m[2m82:[0m http get [36m/favicon.ico[0m[96m[0m
[2m2025-07-01T22:43:24.761479511+02:00[0m [31mERROR[0m [2mbackend/src/main.rs[0m[2m:[0m[2m63:[0m a request panic has occurred
[2m2025-07-01T22:43:24.867981375+02:00[0m [32m INFO[0m [2mbackend/src/main.rs[0m[2m:[0m[2m82:[0m http get [36m/api[0m[96m[0m
[2m2025-07-01T22:43:24.960658898+02:00[0m [32m INFO[0m [2mbackend/src/main.rs[0m[2m:[0m[2m82:[0m http get [36m/favicon.ico[0m[96m[0m
[2m2025-07-01T22:43:24.960749597+02:00[0m [31mERROR[0m [2mbackend/src/main.rs[0m[2m:[0m[2m63:[0m a request panic has occurred
